========================== Mod Loader 0.3.7 ==========================

Game version: GTA III 1.0 UNK_REGION
Loading basic config file modloader/.data/config.ini

Parsing command line
No aScreen address, not injecting a menu

Looking for plugins...
Reading plugins.ini
Loading plugin module "gta3\std.asi.dll"
Plugin module "gta3\std.asi.dll" loaded as gta3.std.asi Jan 16 2018 17:44:17 by LINK/2012
Starting up plugin "gta3.std.asi"
Loading plugin module "gta3\std.bank.dll"
Plugin module "gta3\std.bank.dll" loaded as gta3.std.bank Nov 12 2016 18:52:34 by LINK/2012
Starting up plugin "gta3.std.bank"
Warning: Failed to startup plugin "gta3.std.bank", unloading it.
Unloading plugin "gta3.std.bank"
Loading plugin module "gta3\std.data.dll"
Plugin module "gta3\std.data.dll" loaded as gta3.std.data Nov 12 2016 18:52:35 by LINK/2012
Starting up plugin "gta3.std.data"
Loading plugin module "gta3\std.fx.dll"
Plugin module "gta3\std.fx.dll" loaded as gta3.std.fx Nov 12 2016 18:52:38 by LINK/2012
Starting up plugin "gta3.std.fx"
Loading plugin module "gta3\std.movies.dll"
Plugin module "gta3\std.movies.dll" loaded as gta3.std.movies Nov 12 2016 18:52:50 by LINK/2012
Starting up plugin "gta3.std.movies"
Loading plugin module "gta3\std.scm.dll"
Plugin module "gta3\std.scm.dll" loaded as gta3.std.scm Nov 12 2016 18:53:09 by LINK/2012
Starting up plugin "gta3.std.scm"
Loading plugin module "gta3\std.sprites.dll"
Plugin module "gta3\std.sprites.dll" loaded as gta3.std.sprites Nov 12 2016 18:53:10 by LINK/2012
Starting up plugin "gta3.std.sprites"
Loading plugin module "gta3\std.stream.dll"
Plugin module "gta3\std.stream.dll" loaded as gta3.std.stream Jan 16 2018 17:44:17 by LINK/2012
Starting up plugin "gta3.std.stream"
Loading plugin module "gta3\std.text.dll"
Plugin module "gta3\std.text.dll" loaded as gta3.std.text Nov 12 2016 18:52:34 by LINK/2012
Starting up plugin "gta3.std.text"
Loading plugin module "gta3\std.tracks.dll"
Plugin module "gta3\std.tracks.dll" loaded as gta3.std.tracks Nov 12 2016 18:52:33 by LINK/2012
Starting up plugin "gta3.std.tracks"
Warning: Failed to startup plugin "gta3.std.tracks", unloading it.
Unloading plugin "gta3.std.tracks"
Reading profile named "Default" at "modloader.ini".
Using profile named "Default".
Using profile named "Default"


Scanning mods at "modloader\"...

Scanning files at "modloader\leftovers_fix\"...
No handler or callme for file "audio\a3_ss.wav"
No handler or callme for file "audio\c1_tex.mp3"
No handler or callme for file "audio\s3_rtc.mp3"
No handler or callme for file "audio\SUBOPEN.wav"
Found file [0x0000000164917810] "data\carcols.dat" with handler "gta3.std.data"
Found file [0x0000000A95200055] "data\handling.cfg" with handler "gta3.std.data"
Found file [0x0000000CFA954528] "data\maps\comnbtm\COMNbtm.IPL" with handler "gta3.std.data"
Found file [0x0000000CE89218FC] "data\maps\comntop\COMNtop.IPL" with handler "gta3.std.data"
Found file [0x0000000C7ADA3054] "data\maps\comse\COMSE.IPL" with handler "gta3.std.data"
Found file [0x0000000CBD3F7EEC] "data\maps\comsw\COMSW.IPL" with handler "gta3.std.data"
Found file [0x0000000CFF291B94] "data\maps\industne\INDUSTNE.IPL" with handler "gta3.std.data"
Found file [0x0000000CE0CCD9EC] "data\maps\industnw\INDUSTNW.IPL" with handler "gta3.std.data"
Found file [0x0000000CCEB20E12] "data\maps\industse\INDUSTSE.IPL" with handler "gta3.std.data"
Found file [0x0000000CC452F54A] "data\maps\industsw\INDUSTSW.IPL" with handler "gta3.std.data"
Found file [0x0000000C35B78F72] "data\maps\landsw\LANDsw.IPL" with handler "gta3.std.data"
Found file [0x0000000BF76EE0A7] "data\maps\making\MAKING.ide" with handler "gta3.std.data"
Found file [0x0000000E5274FB1C] "data\particle.cfg" with handler "gta3.std.data"
Found file [0x000000121735DE14] "data\timecyc.dat" with handler "gta3.std.data"
Found file [0x0000000021D33D71] "models\generic\player.bmp" with handler "gta3.std.fx"
Found file [0x00000204DC7D05E2] "models\generic.txd" with handler "gta3.std.stream"
Found file [0x0000020403EBF3B9] "models\gta3img\3d8ball.txd" with handler "gta3.std.stream"
Found file [0x00000204405387A1] "models\gta3img\area5b.txd" with handler "gta3.std.stream"
Found file [0x0000010434A215D5] "models\gta3img\bank.dff" with handler "gta3.std.stream"
Found file [0x0000010480594FB4] "models\gta3img\bobcat.dff" with handler "gta3.std.stream"
Found file [0x000002043122C57B] "models\gta3img\chinaedge.txd" with handler "gta3.std.stream"
Found file [0x000002048B65B4B3] "models\gta3img\chinatowns.txd" with handler "gta3.std.stream"
Found file [0x000001044EAA1778] "models\gta3img\col1h.dff" with handler "gta3.std.stream"
Found file [0x0000020458D13628] "models\gta3img\col1h.txd" with handler "gta3.std.stream"
Found file [0x000002044AA3791F] "models\gta3img\comhilo3b.txd" with handler "gta3.std.stream"
Found file [0x000002044A8F7393] "models\gta3img\comstadium.txd" with handler "gta3.std.stream"
Found file [0x0000020473EB7E3B] "models\gta3img\cutbank.txd" with handler "gta3.std.stream"
Found file [0x000002040DB61752] "models\gta3img\cutscenecar3.txd" with handler "gta3.std.stream"
Found file [0x00000204A5672153] "models\gta3img\dodo.txd" with handler "gta3.std.stream"
Found file [0x000002047050466D] "models\gta3img\dynnewstnd.txd" with handler "gta3.std.stream"
Found file [0x00000204281E3B9E] "models\gta3img\indredlitblk1b.txd" with handler "gta3.std.stream"
Found file [0x000002048A5A2A53] "models\gta3img\introbits.txd" with handler "gta3.std.stream"
Found file [0x00000204176F1AB9] "models\gta3img\ISLANDLODCOMINDNT.txd" with handler "gta3.std.stream"
Found file [0x00000204ADA6EE3F] "models\gta3img\italyeast.txd" with handler "gta3.std.stream"
Found file [0x00000204AAE42644] "models\gta3img\italymisc.txd" with handler "gta3.std.stream"
Found file [0x00000204DBC37A53] "models\gta3img\italysht.txd" with handler "gta3.std.stream"
Found file [0x00000104D6E5B9E4] "models\gta3img\joey.DFF" with handler "gta3.std.stream"
Found file [0x00000204C8BE946C] "models\gta3img\JOEY.TXD" with handler "gta3.std.stream"
Found file [0x000002048927BE83] "models\gta3img\lighthouse.txd" with handler "gta3.std.stream"
Found file [0x0000020407F0B46B] "models\gta3img\lovies.txd" with handler "gta3.std.stream"
Found file [0x00000204A30BC73A] "models\gta3img\maindrag.txd" with handler "gta3.std.stream"
Found file [0x0000010426D95568] "models\gta3img\player.DFF" with handler "gta3.std.stream"
Found file [0x0000020410B08F98] "models\gta3img\PLAYER.TXD" with handler "gta3.std.stream"
Found file [0x000001041138CDDC] "models\gta3img\playerp.DFF" with handler "gta3.std.stream"
Found file [0x00000204F3614094] "models\gta3img\PLAYERP.TXD" with handler "gta3.std.stream"
Found file [0x0000010437510B84] "models\gta3img\playerx.DFF" with handler "gta3.std.stream"
Found file [0x000002042929E60C] "models\gta3img\PLAYERX.TXD" with handler "gta3.std.stream"
Found file [0x0000010414CDD14F] "models\gta3img\police_com.dff" with handler "gta3.std.stream"
Found file [0x0000020478718468] "models\gta3img\rock.txd" with handler "gta3.std.stream"
Found file [0x000002046AA416C0] "models\gta3img\sal_inside.txd" with handler "gta3.std.stream"
Found file [0x0000020443DC7CE6] "models\gta3img\subuild5.txd" with handler "gta3.std.stream"
Found file [0x000000007D55484D] "models\particle.txd" with handler "gta3.std.fx"
No handler or callme for file "skins\playa2.bmp"
Found file [0x0000000021D33D71] "skins\player.bmp" with handler "gta3.std.fx"
Found file [0x000000003D01CA82] "text\american.gxt" with handler "gta3.std.text"
Found file [0x00000000265A5456] "text\german.gxt" with handler "gta3.std.text"

Scanning files at "modloader\plugins_base\"...
Found file [0x00000001A18A1BBD] "eASIer.asi" with handler "gta3.std.asi"
Found file [0xFFFFFFFFFFFFFFFF] "eASIer.txt" with handler "<none>"
Found file [0x000000019655E00E] "III.VC.SA.SaveLoader.asi" with handler "gta3.std.asi"
No handler or callme for file "III.VC.SA.SaveLoader.ini"
Found file [0x00000001B3363D38] "loadsc.asi" with handler "gta3.std.asi"
Found file [0x0000000173D80A30] "lodfix.asi" with handler "gta3.std.asi"
Found file [0x00000001F78AFA85] "MssEax.asi" with handler "gta3.std.asi"
No handler or callme for file "MssEax.ini"
No handler or callme for file "msseax.log"
Found file [0x00000001A36CF251] "PortableGTA.asi" with handler "gta3.std.asi"
Found file [0x0000000120402ABF] "sharptrails.asi" with handler "gta3.std.asi"
Found file [0x000000019100B57C] "SilentPatchIII.asi" with handler "gta3.std.asi"
No handler or callme for file "SilentPatchIII.ini"

Scanning files at "modloader\plugins_extras\"...
Found file [0xFFFFFFFFFFFFFFFF] "audio\sfx settings.txt" with handler "<none>"
No handler or callme for file "audio\sfx00369.wav"
No handler or callme for file "audio\sfx00370.wav"
No handler or callme for file "audio\sfx00371.wav"
Found file [0x00000000AE5C4A13] "data\main.scm" with handler "gta3.std.scm"
Found file [0x000000010280AE24] "IIIBreakableWindshields.asi" with handler "gta3.std.asi"
No handler or callme for file "IIIBreakableWindshields.ini"
Found file [0x00000001F6828D30] "IIIBurstableTyres.asi" with handler "gta3.std.asi"
No handler or callme for file "IIIBurstableTyres.ini"
Found file [0x00000001ED707BA4] "IIIEnvForExtras.asi" with handler "gta3.std.asi"
Found file [0x00000001E74A217A] "IIIMenuPatch.asi" with handler "gta3.std.asi"
Found file [0x00000001AFFC53BD] "IIINoSpeedingCrimeReport.asi" with handler "gta3.std.asi"
Found file [0x000003040765C652] "models\Coll\chopper.col" with handler "gta3.std.stream"
Found file [0x00000304CC4F4280] "models\Coll\escape.col" with handler "gta3.std.stream"
Found file [0x000003044E9513B2] "models\Coll\vehicles.col" with handler "gta3.std.stream"
Found file [0x00000204F542F948] "models\ps3btns.txd" with handler "gta3.std.stream"
Found file [0x000002042ADBA8CE] "models\sixaxis.txd" with handler "gta3.std.stream"
Found file [0x0000020406E96E61] "models\x360btns.txd" with handler "gta3.std.stream"

Scanning files at "modloader\plugins_modern\"...
Found file [0x00000001793B8B38] "Airtrain.asi" with handler "gta3.std.asi"
Found file [0x00000001C65CB232] "IIICollisionFix.asi" with handler "gta3.std.asi"
No handler or callme for file "IIICollisionFix.ini"
Found file [0x0000000132745FFE] "IIIParticleEx.asi" with handler "gta3.std.asi"
No handler or callme for file "IIIParticleEx.ini"
Found file [0x000000011B81CF84] "IIISitInBoat.asi" with handler "gta3.std.asi"
No handler or callme for file "IIISitInBoat.ini"
Found file [0x00000001AA3A550A] "IIIStingers.asi" with handler "gta3.std.asi"
No handler or callme for file "IIIStingers.ini"
Found file [0x0000000100B26541] "LCSCarCam.asi" with handler "gta3.std.asi"
Found file [0x000000014AE5FE86] "MarkersCoronaIII.asi" with handler "gta3.std.asi"
No handler or callme for file "MarkersCoronasIII.ini"
Found file [0x0000000168264D56] "MenuMapIII.asi" with handler "gta3.std.asi"
No handler or callme for file "MenuMapIII.ini"
No handler or callme for file "neo\carTweakingTable.dat"
Found file [0x0000020491B665CB] "neo\neo.txd" with handler "gta3.std.stream"
No handler or callme for file "neo\rimTweakingTable.dat"
No handler or callme for file "neo\worldTweakingTable.dat"
No handler or callme for file "ParticleEx\particleobjects_ps2.pobj"
Found file [0x0000000E25995B1C] "ParticleEx\PS2\PARTICLE.CFG" with handler "gta3.std.data"
Found file [0x000000007D55484D] "ParticleEx\PS2\PARTICLE.TXD" with handler "gta3.std.fx"
Found file [0x0000000EE02AF1E2] "ParticleEx\XBOX\particle.cfg" with handler "gta3.std.data"
Found file [0x000000007D55484D] "ParticleEx\XBOX\particle.txd" with handler "gta3.std.fx"
Found file [0x00000001B418CAEE] "skygfx.asi" with handler "gta3.std.asi"
No handler or callme for file "skygfx.ini"

Scanning files at "modloader\plugins_modern2\"...
Found file [0x0000000128548501] "FramerateVigilante.III.asi" with handler "gta3.std.asi"
No handler or callme for file "FramerateVigilante.ini"
Found file [0x000000017FD16D34] "MixSets.III.asi" with handler "gta3.std.asi"
No handler or callme for file "MixSets.ini"
No handler or callme for file "MixSets.log"

Scanning files at "modloader\widescreen\"...
Found file [0x000002049B0D66C5] "gta3.img\radar00.txd" with handler "gta3.std.stream"
Found file [0x000002045C42FA00] "gta3.img\radar01.txd" with handler "gta3.std.stream"
Found file [0x00000204024B4B37] "gta3.img\radar02.txd" with handler "gta3.std.stream"
Found file [0x00000204395680F2] "gta3.img\radar03.txd" with handler "gta3.std.stream"
Found file [0x00000204F1CA82B1] "gta3.img\radar04.txd" with handler "gta3.std.stream"
Found file [0x00000204DDC3BEDC] "gta3.img\radar05.txd" with handler "gta3.std.stream"
Found file [0x00000204BE0D6843] "gta3.img\radar06.txd" with handler "gta3.std.stream"
Found file [0x00000204F277249E] "gta3.img\radar07.txd" with handler "gta3.std.stream"
Found file [0x00000204003FC0ED] "gta3.img\radar08.txd" with handler "gta3.std.stream"
Found file [0x000002049985DBE8] "gta3.img\radar09.txd" with handler "gta3.std.stream"
Found file [0x00000204724C06C2] "gta3.img\radar10.txd" with handler "gta3.std.stream"
Found file [0x00000204762BA247] "gta3.img\radar11.txd" with handler "gta3.std.stream"
Found file [0x00000204953A1310] "gta3.img\radar12.txd" with handler "gta3.std.stream"
Found file [0x000002049919AE95] "gta3.img\radar13.txd" with handler "gta3.std.stream"
Found file [0x000002042DE7146E] "gta3.img\radar14.txd" with handler "gta3.std.stream"
Found file [0x0000020431EDBE93] "gta3.img\radar15.txd" with handler "gta3.std.stream"
Found file [0x00000204DE4A706C] "gta3.img\radar16.txd" with handler "gta3.std.stream"
Found file [0x000002042AC00881] "gta3.img\radar17.txd" with handler "gta3.std.stream"
Found file [0x0000020474A5AA6A] "gta3.img\radar18.txd" with handler "gta3.std.stream"
Found file [0x000002044062FCCF] "gta3.img\radar19.txd" with handler "gta3.std.stream"
Found file [0x00000204A1B09B5F] "gta3.img\radar20.txd" with handler "gta3.std.stream"
Found file [0x000002049D82E0BA] "gta3.img\radar21.txd" with handler "gta3.std.stream"
Found file [0x000002049A82E54D] "gta3.img\radar22.txd" with handler "gta3.std.stream"
Found file [0x00000204C06F5AC8] "gta3.img\radar23.txd" with handler "gta3.std.stream"
Found file [0x00000204BFFEE2CB] "gta3.img\radar24.txd" with handler "gta3.std.stream"
Found file [0x00000204F4670CE6] "gta3.img\radar25.txd" with handler "gta3.std.stream"
Found file [0x0000020456450199] "gta3.img\radar26.txd" with handler "gta3.std.stream"
Found file [0x0000020407550044] "gta3.img\radar27.txd" with handler "gta3.std.stream"
Found file [0x000002049F08D897] "gta3.img\radar28.txd" with handler "gta3.std.stream"
Found file [0x00000204603FFFD2] "gta3.img\radar29.txd" with handler "gta3.std.stream"
Found file [0x000002048EAD1D4C] "gta3.img\radar30.txd" with handler "gta3.std.stream"
Found file [0x000002046A4379E1] "gta3.img\radar31.txd" with handler "gta3.std.stream"
Found file [0x000002046AF1AECE] "gta3.img\radar32.txd" with handler "gta3.std.stream"
Found file [0x000002046EF859F3] "gta3.img\radar33.txd" with handler "gta3.std.stream"
Found file [0x00000204459CC0F0] "gta3.img\radar34.txd" with handler "gta3.std.stream"
Found file [0x000002044BF6C575] "gta3.img\radar35.txd" with handler "gta3.std.stream"
Found file [0x00000204AF56A122] "gta3.img\radar36.txd" with handler "gta3.std.stream"
Found file [0x00000204B334A9A7] "gta3.img\radar37.txd" with handler "gta3.std.stream"
Found file [0x0000020458E477D4] "gta3.img\radar38.txd" with handler "gta3.std.stream"
Found file [0x000002046CEB3BA9] "gta3.img\radar39.txd" with handler "gta3.std.stream"
Found file [0x00000204934E09F9] "gta3.img\radar40.txd" with handler "gta3.std.stream"
Found file [0x00000204BA321624] "gta3.img\radar41.txd" with handler "gta3.std.stream"
Found file [0x0000020470618FAB] "gta3.img\radar42.txd" with handler "gta3.std.stream"
Found file [0x0000020431701446] "gta3.img\radar43.txd" with handler "gta3.std.stream"
Found file [0x00000204DA0655AD] "gta3.img\radar44.txd" with handler "gta3.std.stream"
Found file [0x0000020470D207A8] "gta3.img\radar45.txd" with handler "gta3.std.stream"
Found file [0x00000204DEB9A2BF] "gta3.img\radar46.txd" with handler "gta3.std.stream"
Found file [0x00000204DA8BE81A] "gta3.img\radar47.txd" with handler "gta3.std.stream"
Found file [0x00000204CB911871] "gta3.img\radar48.txd" with handler "gta3.std.stream"
Found file [0x00000204B78A539C] "gta3.img\radar49.txd" with handler "gta3.std.stream"
Found file [0x000002046A672D56] "gta3.img\radar50.txd" with handler "gta3.std.stream"
Found file [0x0000020470E8417B] "gta3.img\radar51.txd" with handler "gta3.std.stream"
Found file [0x00000204F3292F34] "gta3.img\radar52.txd" with handler "gta3.std.stream"
Found file [0x00000204072FF309] "gta3.img\radar53.txd" with handler "gta3.std.stream"
Found file [0x000002044E6C3F2A] "gta3.img\radar54.txd" with handler "gta3.std.stream"
Found file [0x0000020417B0BB8F] "gta3.img\radar55.txd" with handler "gta3.std.stream"
Found file [0x00000204715A4C78] "gta3.img\radar56.txd" with handler "gta3.std.stream"
Found file [0x000002044B6C43FD] "gta3.img\radar57.txd" with handler "gta3.std.stream"
Found file [0x000002040534D32E] "gta3.img\radar58.txd" with handler "gta3.std.stream"
Found file [0x00000204093B7E53] "gta3.img\radar59.txd" with handler "gta3.std.stream"
Found file [0x000002048FA37993] "gta3.img\radar60.txd" with handler "gta3.std.stream"
Found file [0x000002048B9CCF6E] "gta3.img\radar61.txd" with handler "gta3.std.stream"
Found file [0x000002048875C381] "gta3.img\radar62.txd" with handler "gta3.std.stream"
Found file [0x000002043C002B6C] "gta3.img\radar63.txd" with handler "gta3.std.stream"
Found file [0x000000018F6B60FF] "GTA3.WidescreenFix.asi" with handler "gta3.std.asi"
No handler or callme for file "GTA3.WidescreenFix.ini"
Found file [0x00000000DFC0ED03] "models\fonts.txd" with handler "gta3.std.fx"
Found file [0x00000000769E8D27] "models\frontend.txd" with handler "gta3.std.fx"
Found file [0x000000001AD1322E] "models\hud.txd" with handler "gta3.std.fx"
Found file [0x00000000E1CB37B2] "models\menu.txd" with handler "gta3.std.fx"
Found file [0x00000204D884E53F] "models\MISC.TXD" with handler "gta3.std.stream"
Found file [0x000000007D55484D] "models\particle.txd" with handler "gta3.std.fx"
Found file [0x0000000272BCE41B] "txd\LOADSC0.TXD" with handler "gta3.std.sprites"
Found file [0x000000026EB639F6] "txd\LOADSC1.TXD" with handler "gta3.std.sprites"
Found file [0x00000002FAB1C95E] "txd\LOADSC10.TXD" with handler "gta3.std.sprites"
Found file [0x00000002C6499F03] "txd\LOADSC11.TXD" with handler "gta3.std.sprites"
Found file [0x00000002E5FE629C] "txd\LOADSC12.TXD" with handler "gta3.std.sprites"
Found file [0x00000002FA052771] "txd\LOADSC13.TXD" with handler "gta3.std.sprites"
Found file [0x000000023F16BBB2] "txd\LOADSC14.TXD" with handler "gta3.std.sprites"
Found file [0x000000020A85EFF7] "txd\LOADSC15.TXD" with handler "gta3.std.sprites"
Found file [0x00000002647F31C0] "txd\LOADSC16.TXD" with handler "gta3.std.sprites"
Found file [0x00000002A0CDA185] "txd\LOADSC17.TXD" with handler "gta3.std.sprites"
Found file [0x000000025FE42346] "txd\LOADSC18.TXD" with handler "gta3.std.sprites"
Found file [0x000000029ED59EAB] "txd\LOADSC19.TXD" with handler "gta3.std.sprites"
Found file [0x000000029823C729] "txd\LOADSC2.TXD" with handler "gta3.std.sprites"
Found file [0x0000000276A87C3B] "txd\LOADSC20.TXD" with handler "gta3.std.sprites"
Found file [0x0000000272A1D116] "txd\LOADSC21.TXD" with handler "gta3.std.sprites"
Found file [0x000000020F6A97C9] "txd\LOADSC22.TXD" with handler "gta3.std.sprites"
Found file [0x00000002F8E96AF4] "txd\LOADSC23.TXD" with handler "gta3.std.sprites"
Found file [0x000000021FEB604F] "txd\LOADSC24.TXD" with handler "gta3.std.sprites"
Found file [0x00000002542E0DEA] "txd\LOADSC25.TXD" with handler "gta3.std.sprites"
Found file [0x00000002841D0354] "txd\LOADSC3.TXD" with handler "gta3.std.sprites"
Found file [0x000000021BFFC82F] "txd\LOADSC4.TXD" with handler "gta3.std.sprites"
Found file [0x00000002DCE73D4A] "txd\LOADSC5.TXD" with handler "gta3.std.sprites"
Found file [0x00000002DC61AA1D] "txd\LOADSC6.TXD" with handler "gta3.std.sprites"
Found file [0x0000000275A7C518] "txd\LOADSC7.TXD" with handler "gta3.std.sprites"
Found file [0x000000029A30E573] "txd\LOADSC8.TXD" with handler "gta3.std.sprites"
Found file [0x00000002962A3A4E] "txd\LOADSC9.TXD" with handler "gta3.std.sprites"
Found file [0x000000025DF3788B] "txd\mainsc1.txd" with handler "gta3.std.sprites"
Found file [0x00000002A7C3FF04] "txd\mainsc2.txd" with handler "gta3.std.sprites"
Found file [0x000000028BB23776] "txd\NEWS.TXD" with handler "gta3.std.sprites"
Found file [0x00000002F5FCE4BF] "txd\SPLASH1.TXD" with handler "gta3.std.sprites"
Found file [0x00000002881549A8] "txd\SPLASH2.TXD" with handler "gta3.std.sprites"
Found file [0x00000002F14997AD] "txd\SPLASH3.TXD" with handler "gta3.std.sprites"

Updating mods for "modloader\"...
Updating state for "modloader\plugins_base\"...
Installing file "modloader\plugins_base\easier.asi"
Installing file "modloader\plugins_base\easier.txt"
Installing file "modloader\plugins_base\iii.vc.sa.saveloader.asi"
Installing file "modloader\plugins_base\loadsc.asi"
Installing file "modloader\plugins_base\lodfix.asi"
Installing file "modloader\plugins_base\msseax.asi"
Installing file "modloader\plugins_base\portablegta.asi"
Installing file "modloader\plugins_base\sharptrails.asi"
[ASI] Failed to load module "sharptrails.asi"; errcode: 0x7E
Failed to Install file "modloader\plugins_base\sharptrails.asi"
Installing file "modloader\plugins_base\silentpatchiii.asi"
Updating state for "modloader\plugins_extras\"...
Installing file "modloader\plugins_extras\audio\sfx settings.txt"
Installing file "modloader\plugins_extras\data\main.scm"
Installing file "modloader\plugins_extras\iiibreakablewindshields.asi"
Installing file "modloader\plugins_extras\iiiburstabletyres.asi"
Installing file "modloader\plugins_extras\iiienvforextras.asi"
Installing file "modloader\plugins_extras\iiimenupatch.asi"
Installing file "modloader\plugins_extras\iiinospeedingcrimereport.asi"
Installing file "modloader\plugins_extras\models\coll\chopper.col"
Installing file "modloader\plugins_extras\models\coll\escape.col"
Installing file "modloader\plugins_extras\models\coll\vehicles.col"
Installing file "modloader\plugins_extras\models\ps3btns.txd"
Installing file "modloader\plugins_extras\models\sixaxis.txd"
Installing file "modloader\plugins_extras\models\x360btns.txd"
Updating state for "modloader\plugins_modern\"...
Installing file "modloader\plugins_modern\airtrain.asi"
Installing file "modloader\plugins_modern\iiicollisionfix.asi"
Installing file "modloader\plugins_modern\iiiparticleex.asi"
Installing file "modloader\plugins_modern\iiisitinboat.asi"
Installing file "modloader\plugins_modern\iiistingers.asi"
Installing file "modloader\plugins_modern\lcscarcam.asi"
Installing file "modloader\plugins_modern\markerscoronaiii.asi"
Installing file "modloader\plugins_modern\menumapiii.asi"
Installing file "modloader\plugins_modern\neo\neo.txd"
Installing file "modloader\plugins_modern\particleex\ps2\particle.cfg"
Installing file "modloader\plugins_modern\particleex\ps2\particle.txd"
Installing file "modloader\plugins_modern\particleex\xbox\particle.cfg"
Installing file "modloader\plugins_modern\particleex\xbox\particle.txd"
Uninstalling file "modloader\plugins_modern\particleex\ps2\particle.txd"
Installing file "modloader\plugins_modern\skygfx.asi"
[ASI] Failed to load module "skygfx.asi"; errcode: 0x7E
Failed to Install file "modloader\plugins_modern\skygfx.asi"
Updating state for "modloader\plugins_modern2\"...
Installing file "modloader\plugins_modern2\frameratevigilante.iii.asi"
Installing file "modloader\plugins_modern2\mixsets.iii.asi"
Updating state for "modloader\widescreen\"...
Installing file "modloader\widescreen\gta3.img\radar00.txd"
Installing file "modloader\widescreen\gta3.img\radar01.txd"
Installing file "modloader\widescreen\gta3.img\radar02.txd"
Installing file "modloader\widescreen\gta3.img\radar03.txd"
Installing file "modloader\widescreen\gta3.img\radar04.txd"
Installing file "modloader\widescreen\gta3.img\radar05.txd"
Installing file "modloader\widescreen\gta3.img\radar06.txd"
Installing file "modloader\widescreen\gta3.img\radar07.txd"
Installing file "modloader\widescreen\gta3.img\radar08.txd"
Installing file "modloader\widescreen\gta3.img\radar09.txd"
Installing file "modloader\widescreen\gta3.img\radar10.txd"
Installing file "modloader\widescreen\gta3.img\radar11.txd"
Installing file "modloader\widescreen\gta3.img\radar12.txd"
Installing file "modloader\widescreen\gta3.img\radar13.txd"
Installing file "modloader\widescreen\gta3.img\radar14.txd"
Installing file "modloader\widescreen\gta3.img\radar15.txd"
Installing file "modloader\widescreen\gta3.img\radar16.txd"
Installing file "modloader\widescreen\gta3.img\radar17.txd"
Installing file "modloader\widescreen\gta3.img\radar18.txd"
Installing file "modloader\widescreen\gta3.img\radar19.txd"
Installing file "modloader\widescreen\gta3.img\radar20.txd"
Installing file "modloader\widescreen\gta3.img\radar21.txd"
Installing file "modloader\widescreen\gta3.img\radar22.txd"
Installing file "modloader\widescreen\gta3.img\radar23.txd"
Installing file "modloader\widescreen\gta3.img\radar24.txd"
Installing file "modloader\widescreen\gta3.img\radar25.txd"
Installing file "modloader\widescreen\gta3.img\radar26.txd"
Installing file "modloader\widescreen\gta3.img\radar27.txd"
Installing file "modloader\widescreen\gta3.img\radar28.txd"
Installing file "modloader\widescreen\gta3.img\radar29.txd"
Installing file "modloader\widescreen\gta3.img\radar30.txd"
Installing file "modloader\widescreen\gta3.img\radar31.txd"
Installing file "modloader\widescreen\gta3.img\radar32.txd"
Installing file "modloader\widescreen\gta3.img\radar33.txd"
Installing file "modloader\widescreen\gta3.img\radar34.txd"
Installing file "modloader\widescreen\gta3.img\radar35.txd"
Installing file "modloader\widescreen\gta3.img\radar36.txd"
Installing file "modloader\widescreen\gta3.img\radar37.txd"
Installing file "modloader\widescreen\gta3.img\radar38.txd"
Installing file "modloader\widescreen\gta3.img\radar39.txd"
Installing file "modloader\widescreen\gta3.img\radar40.txd"
Installing file "modloader\widescreen\gta3.img\radar41.txd"
Installing file "modloader\widescreen\gta3.img\radar42.txd"
Installing file "modloader\widescreen\gta3.img\radar43.txd"
Installing file "modloader\widescreen\gta3.img\radar44.txd"
Installing file "modloader\widescreen\gta3.img\radar45.txd"
Installing file "modloader\widescreen\gta3.img\radar46.txd"
Installing file "modloader\widescreen\gta3.img\radar47.txd"
Installing file "modloader\widescreen\gta3.img\radar48.txd"
Installing file "modloader\widescreen\gta3.img\radar49.txd"
Installing file "modloader\widescreen\gta3.img\radar50.txd"
Installing file "modloader\widescreen\gta3.img\radar51.txd"
Installing file "modloader\widescreen\gta3.img\radar52.txd"
Installing file "modloader\widescreen\gta3.img\radar53.txd"
Installing file "modloader\widescreen\gta3.img\radar54.txd"
Installing file "modloader\widescreen\gta3.img\radar55.txd"
Installing file "modloader\widescreen\gta3.img\radar56.txd"
Installing file "modloader\widescreen\gta3.img\radar57.txd"
Installing file "modloader\widescreen\gta3.img\radar58.txd"
Installing file "modloader\widescreen\gta3.img\radar59.txd"
Installing file "modloader\widescreen\gta3.img\radar60.txd"
Installing file "modloader\widescreen\gta3.img\radar61.txd"
Installing file "modloader\widescreen\gta3.img\radar62.txd"
Installing file "modloader\widescreen\gta3.img\radar63.txd"
Installing file "modloader\widescreen\gta3.widescreenfix.asi"
Installing file "modloader\widescreen\models\fonts.txd"
Installing file "modloader\widescreen\models\frontend.txd"
Installing file "modloader\widescreen\models\hud.txd"
Installing file "modloader\widescreen\models\menu.txd"
Installing file "modloader\widescreen\models\misc.txd"
Installing file "modloader\widescreen\models\particle.txd"
Uninstalling file "modloader\plugins_modern\particleex\xbox\particle.txd"
Installing file "modloader\widescreen\txd\loadsc0.txd"
Installing file "modloader\widescreen\txd\loadsc1.txd"
Installing file "modloader\widescreen\txd\loadsc10.txd"
Installing file "modloader\widescreen\txd\loadsc11.txd"
Installing file "modloader\widescreen\txd\loadsc12.txd"
Installing file "modloader\widescreen\txd\loadsc13.txd"
Installing file "modloader\widescreen\txd\loadsc14.txd"
Installing file "modloader\widescreen\txd\loadsc15.txd"
Installing file "modloader\widescreen\txd\loadsc16.txd"
Installing file "modloader\widescreen\txd\loadsc17.txd"
Installing file "modloader\widescreen\txd\loadsc18.txd"
Installing file "modloader\widescreen\txd\loadsc19.txd"
Installing file "modloader\widescreen\txd\loadsc2.txd"
Installing file "modloader\widescreen\txd\loadsc20.txd"
Installing file "modloader\widescreen\txd\loadsc21.txd"
Installing file "modloader\widescreen\txd\loadsc22.txd"
Installing file "modloader\widescreen\txd\loadsc23.txd"
Installing file "modloader\widescreen\txd\loadsc24.txd"
Installing file "modloader\widescreen\txd\loadsc25.txd"
Installing file "modloader\widescreen\txd\loadsc3.txd"
Installing file "modloader\widescreen\txd\loadsc4.txd"
Installing file "modloader\widescreen\txd\loadsc5.txd"
Installing file "modloader\widescreen\txd\loadsc6.txd"
Installing file "modloader\widescreen\txd\loadsc7.txd"
Installing file "modloader\widescreen\txd\loadsc8.txd"
Installing file "modloader\widescreen\txd\loadsc9.txd"
Installing file "modloader\widescreen\txd\mainsc1.txd"
Installing file "modloader\widescreen\txd\mainsc2.txd"
Installing file "modloader\widescreen\txd\news.txd"
Installing file "modloader\widescreen\txd\splash1.txd"
Installing file "modloader\widescreen\txd\splash2.txd"
Installing file "modloader\widescreen\txd\splash3.txd"
Updating state for "modloader\leftovers_fix\"...
Installing file "modloader\leftovers_fix\data\carcols.dat"
Installing file "modloader\leftovers_fix\data\handling.cfg"
Installing file "modloader\leftovers_fix\data\maps\comnbtm\comnbtm.ipl"
Installing file "modloader\leftovers_fix\data\maps\comntop\comntop.ipl"
Installing file "modloader\leftovers_fix\data\maps\comse\comse.ipl"
Installing file "modloader\leftovers_fix\data\maps\comsw\comsw.ipl"
Installing file "modloader\leftovers_fix\data\maps\industne\industne.ipl"
Installing file "modloader\leftovers_fix\data\maps\industnw\industnw.ipl"
Installing file "modloader\leftovers_fix\data\maps\industse\industse.ipl"
Installing file "modloader\leftovers_fix\data\maps\industsw\industsw.ipl"
Installing file "modloader\leftovers_fix\data\maps\landsw\landsw.ipl"
Installing file "modloader\leftovers_fix\data\maps\making\making.ide"
Installing file "modloader\leftovers_fix\data\particle.cfg"
Installing file "modloader\leftovers_fix\data\timecyc.dat"
Installing file "modloader\leftovers_fix\models\generic.txd"
Installing file "modloader\leftovers_fix\models\generic\player.bmp"
Installing file "modloader\leftovers_fix\models\gta3img\3d8ball.txd"
Installing file "modloader\leftovers_fix\models\gta3img\area5b.txd"
Installing file "modloader\leftovers_fix\models\gta3img\bank.dff"
Installing file "modloader\leftovers_fix\models\gta3img\bobcat.dff"
Installing file "modloader\leftovers_fix\models\gta3img\chinaedge.txd"
Installing file "modloader\leftovers_fix\models\gta3img\chinatowns.txd"
Installing file "modloader\leftovers_fix\models\gta3img\col1h.dff"
Installing file "modloader\leftovers_fix\models\gta3img\col1h.txd"
Installing file "modloader\leftovers_fix\models\gta3img\comhilo3b.txd"
Installing file "modloader\leftovers_fix\models\gta3img\comstadium.txd"
Installing file "modloader\leftovers_fix\models\gta3img\cutbank.txd"
Installing file "modloader\leftovers_fix\models\gta3img\cutscenecar3.txd"
Installing file "modloader\leftovers_fix\models\gta3img\dodo.txd"
Installing file "modloader\leftovers_fix\models\gta3img\dynnewstnd.txd"
Installing file "modloader\leftovers_fix\models\gta3img\indredlitblk1b.txd"
Installing file "modloader\leftovers_fix\models\gta3img\introbits.txd"
Installing file "modloader\leftovers_fix\models\gta3img\islandlodcomindnt.txd"
Installing file "modloader\leftovers_fix\models\gta3img\italyeast.txd"
Installing file "modloader\leftovers_fix\models\gta3img\italymisc.txd"
Installing file "modloader\leftovers_fix\models\gta3img\italysht.txd"
Installing file "modloader\leftovers_fix\models\gta3img\joey.dff"
Installing file "modloader\leftovers_fix\models\gta3img\joey.txd"
Installing file "modloader\leftovers_fix\models\gta3img\lighthouse.txd"
Installing file "modloader\leftovers_fix\models\gta3img\lovies.txd"
Installing file "modloader\leftovers_fix\models\gta3img\maindrag.txd"
Installing file "modloader\leftovers_fix\models\gta3img\player.dff"
Installing file "modloader\leftovers_fix\models\gta3img\player.txd"
Installing file "modloader\leftovers_fix\models\gta3img\playerp.dff"
Installing file "modloader\leftovers_fix\models\gta3img\playerp.txd"
Installing file "modloader\leftovers_fix\models\gta3img\playerx.dff"
Installing file "modloader\leftovers_fix\models\gta3img\playerx.txd"
Installing file "modloader\leftovers_fix\models\gta3img\police_com.dff"
Installing file "modloader\leftovers_fix\models\gta3img\rock.txd"
Installing file "modloader\leftovers_fix\models\gta3img\sal_inside.txd"
Installing file "modloader\leftovers_fix\models\gta3img\subuild5.txd"
Installing file "modloader\leftovers_fix\models\particle.txd"
Uninstalling file "modloader\widescreen\models\particle.txd"
Installing file "modloader\leftovers_fix\skins\player.bmp"
Uninstalling file "modloader\leftovers_fix\models\generic\player.bmp"
Installing file "modloader\leftovers_fix\text\american.gxt"
Installing file "modloader\leftovers_fix\text\german.gxt"
Updating gta3.std.data state...
Parsing readme file "modloader\plugins_base\easier.txt"
Parsing readme file "modloader\plugins_extras\audio\sfx settings.txt"
Done updating gta3.std.data state.
Starting up filesystem watcher...

Mod Loader has started up!

Opening file for streaming "MODELS\GTA3.IMG"
Loading splash sprite "F:\Folder2\Builds\gta3_pc\modloader\widescreen\txd\loadsc0.txd"
Loading custom vehicles handling "modloader\leftovers_fix\data\handling.cfg"
Loading default surface adhesion limits "DATA\SURFACE.DAT"
Loading default ped stats "PEDSTATS.DAT"
Loading custom time cycle properties "modloader\leftovers_fix\data\timecyc.dat"
Loading splash sprite "F:\Folder2\Builds\gta3_pc\modloader\widescreen\txd\loadsc3.txd"
Loading custom particle data "C:\Users\User\AppData\Local\modloader\10b0d9ade9\gta3.std.data\0\particle.cfg"
Opening file for streaming "MODELS\GTA3.IMG"
Loading default level file "DATA\DEFAULT.DAT"
Loading default object types "DATA\DEFAULT.IDE "
Using non-streamed resource "modloader\widescreen\models\misc.txd"
Using non-streamed resource "modloader\leftovers_fix\models\generic.txd"
Loading splash sprite "F:\Folder2\Builds\gta3_pc\modloader\widescreen\txd\loadsc4.txd"
Using non-streamed resource "modloader\plugins_extras\models\coll\vehicles.col"
Loading default level file "DATA\GTA3.DAT"
Loading default object types "DATA\MAPS\generic.IDE "
Loading default object types "DATA\MAPS\INDUSTNE\INDUSTNE.ide "
Loading default object types "DATA\MAPS\INDUSTNW\INDUSTNW.ide "
Loading default object types "DATA\MAPS\INDUSTSE\INDUSTSE.ide "
Loading default object types "DATA\MAPS\INDUSTSW\INDUSTSW.ide "
Loading custom object types "modloader\leftovers_fix\data\maps\making\making.ide"
Loading default object types "DATA\MAPS\TEMPPART\TEMPPART.ide "
Loading default object types "DATA\MAPS\INDROADS\INDROADS.ide "
Loading default object types "DATA\MAPS\COMNtop\COMNtop.ide "
Loading default object types "DATA\MAPS\COMNbtm\COMNbtm.ide "
Loading default object types "DATA\MAPS\COMSE\COMSE.ide "
Loading default object types "DATA\MAPS\COMSW\COMSW.ide "
Loading default object types "DATA\MAPS\COMROAD\COMROAD.ide "
Loading default object types "DATA\MAPS\LANDne\LANDne.ide "
Loading default object types "DATA\MAPS\LANDsw\LANDsw.ide "
Loading default object types "DATA\MAPS\SUBROADS\SUBROADS.ide "
Loading splash sprite "F:\Folder2\Builds\gta3_pc\modloader\widescreen\txd\loadsc10.txd"
Loading splash sprite "F:\Folder2\Builds\gta3_pc\modloader\widescreen\txd\loadsc7.txd"
Loading default object data "DATA\OBJECT.DAT"
Loading default scene "DATA\GTA3.ZON "
Loading custom scene "modloader\leftovers_fix\data\maps\comntop\comntop.ipl"
Loading custom scene "modloader\leftovers_fix\data\maps\comnbtm\comnbtm.ipl"
Loading custom scene "modloader\leftovers_fix\data\maps\comse\comse.ipl"
Loading custom scene "modloader\leftovers_fix\data\maps\comsw\comsw.ipl"
Loading default scene "DATA\MAPS\CULL.IPL "
Loading custom scene "modloader\leftovers_fix\data\maps\industne\industne.ipl"
Loading custom scene "modloader\leftovers_fix\data\maps\industnw\industnw.ipl"
Loading custom scene "modloader\leftovers_fix\data\maps\industse\industse.ipl"
Loading custom scene "modloader\leftovers_fix\data\maps\industsw\industsw.ipl"
Loading default scene "DATA\MAPS\LANDne\LANDne.IPL "
Loading custom scene "modloader\leftovers_fix\data\maps\landsw\landsw.ipl"
Loading default scene "DATA\MAPS\overview.IPL "
Loading default scene "DATA\MAPS\props.IPL "
Loading custom vehicle colours "modloader\leftovers_fix\data\carcols.dat"
Loading splash sprite "loadsc111.txd"
